2019-03-27 19:32:26,303 INFO o.a.j.u.JMeterUtils: Setting Locale to en_US
2019-03-27 19:32:26,313 INFO o.a.j.JMeter: Loading user properties from: /home/luis/Downloads/apache-jmeter-5.0/bin/user.properties
2019-03-27 19:32:26,313 INFO o.a.j.JMeter: Loading system properties from: /home/luis/Downloads/apache-jmeter-5.0/bin/system.properties
2019-03-27 19:32:26,317 INFO o.a.j.JMeter: Copyright (c) 1998-2018 The Apache Software Foundation
2019-03-27 19:32:26,317 INFO o.a.j.JMeter: Version 5.0 r1840935
2019-03-27 19:32:26,317 INFO o.a.j.JMeter: java.version=1.8.0_201
2019-03-27 19:32:26,317 INFO o.a.j.JMeter: java.vm.name=Java HotSpot(TM) 64-Bit Server VM
2019-03-27 19:32:26,317 INFO o.a.j.JMeter: os.name=Linux
2019-03-27 19:32:26,317 INFO o.a.j.JMeter: os.arch=amd64
2019-03-27 19:32:26,317 INFO o.a.j.JMeter: os.version=4.15.0-45-generic
2019-03-27 19:32:26,317 INFO o.a.j.JMeter: file.encoding=UTF-8
2019-03-27 19:32:26,317 INFO o.a.j.JMeter: Max memory     =1800929280
2019-03-27 19:32:26,317 INFO o.a.j.JMeter: Available Processors =4
2019-03-27 19:32:26,320 INFO o.a.j.JMeter: Default Locale=English (United States)
2019-03-27 19:32:26,321 INFO o.a.j.JMeter: JMeter  Locale=English (United States)
2019-03-27 19:32:26,321 INFO o.a.j.JMeter: JMeterHome=/home/luis/Downloads/apache-jmeter-5.0
2019-03-27 19:32:26,321 INFO o.a.j.JMeter: user.dir  =/home/luis/Desktop/UAM/SI2/SI2/P2
2019-03-27 19:32:26,321 INFO o.a.j.JMeter: PWD       =/home/luis/Desktop/UAM/SI2/SI2/P2
2019-03-27 19:32:26,321 INFO o.a.j.JMeter: IP: 127.0.1.1 Name: luis-HP-Pavilion-x360 FullName: luis-HP-Pavilion-x360
2019-03-27 19:32:26,447 INFO o.a.j.g.a.LookAndFeelCommand: Installing Darcula LAF
2019-03-27 19:32:26,480 INFO o.a.j.g.a.LookAndFeelCommand: Using look and feel: com.bulenkov.darcula.DarculaLaf [Darcula]
2019-03-27 19:32:26,481 INFO o.a.j.JMeter: Setting LAF to: com.bulenkov.darcula.DarculaLaf
2019-03-27 19:32:26,539 INFO o.a.j.JMeter: Loaded icon properties from org/apache/jmeter/images/icon.properties
2019-03-27 19:32:26,938 INFO o.a.j.e.u.CompoundVariable: Note: Function class names must contain the string: '.functions.'
2019-03-27 19:32:26,938 INFO o.a.j.e.u.CompoundVariable: Note: Function class names must not contain the string: '.gui.'
2019-03-27 19:32:28,224 INFO o.a.j.p.h.s.HTTPSamplerBase: Parser for text/html is org.apache.jmeter.protocol.http.parser.LagartoBasedHtmlParser
2019-03-27 19:32:28,225 INFO o.a.j.p.h.s.HTTPSamplerBase: Parser for application/xhtml+xml is org.apache.jmeter.protocol.http.parser.LagartoBasedHtmlParser
2019-03-27 19:32:28,226 INFO o.a.j.p.h.s.HTTPSamplerBase: Parser for application/xml is org.apache.jmeter.protocol.http.parser.LagartoBasedHtmlParser
2019-03-27 19:32:28,226 INFO o.a.j.p.h.s.HTTPSamplerBase: Parser for text/xml is org.apache.jmeter.protocol.http.parser.LagartoBasedHtmlParser
2019-03-27 19:32:28,226 INFO o.a.j.p.h.s.HTTPSamplerBase: Parser for text/vnd.wap.wml is org.apache.jmeter.protocol.http.parser.RegexpHTMLParser
2019-03-27 19:32:28,226 INFO o.a.j.p.h.s.HTTPSamplerBase: Parser for text/css is org.apache.jmeter.protocol.http.parser.CssParser
2019-03-27 19:32:28,550 INFO o.a.j.e.KeyToolUtils: keytool found at 'keytool'
2019-03-27 19:32:28,551 INFO o.a.j.p.h.p.ProxyControl: HTTP(S) Test Script Recorder SSL Proxy will use keys that support embedded 3rd party resources in file /home/luis/Downloads/apache-jmeter-5.0/bin/proxyserver.jks
2019-03-27 19:32:28,676 INFO o.a.j.s.FileServer: Default base='/home/luis/Desktop/UAM/SI2/SI2/P2'
2019-03-27 19:32:28,943 INFO o.a.j.s.SampleResult: Note: Sample TimeStamps are START times
2019-03-27 19:32:28,943 INFO o.a.j.s.SampleResult: sampleresult.default.encoding is set to ISO-8859-1
2019-03-27 19:32:28,944 INFO o.a.j.s.SampleResult: sampleresult.useNanoTime=true
2019-03-27 19:32:28,944 INFO o.a.j.s.SampleResult: sampleresult.nanoThreadSleep=5000
2019-03-27 19:32:33,217 INFO o.a.j.g.a.Load: Loading file: /home/luis/Desktop/UAM/SI2/SI2/P2/P2.jmx
2019-03-27 19:32:33,217 INFO o.a.j.s.FileServer: Set new base='/home/luis/Desktop/UAM/SI2/SI2/P2'
2019-03-27 19:32:33,386 INFO o.a.j.s.SaveService: Testplan (JMX) version: 2.2. Testlog (JTL) version: 2.2
2019-03-27 19:32:33,395 INFO o.a.j.s.SaveService: Using SaveService properties file encoding UTF-8
2019-03-27 19:32:33,431 INFO o.a.j.s.SaveService: Using SaveService properties version 5.0
2019-03-27 19:32:33,434 INFO o.a.j.s.SaveService: Loading file: /home/luis/Desktop/UAM/SI2/SI2/P2/P2.jmx
2019-03-27 19:32:33,592 INFO o.a.j.s.FileServer: Set new base='/home/luis/Desktop/UAM/SI2/SI2/P2'
2019-03-27 19:36:10,561 INFO o.a.j.e.StandardJMeterEngine: Running the test!
2019-03-27 19:36:10,562 INFO o.a.j.s.SampleEvent: List of sample_variables: []
2019-03-27 19:36:10,562 INFO o.a.j.s.SampleEvent: List of sample_variables: []
2019-03-27 19:36:10,569 INFO o.a.j.g.u.JMeterMenuBar: setRunning(true, *local*)
2019-03-27 19:36:10,734 INFO o.a.j.e.StandardJMeterEngine: Starting ThreadGroup: 1 : P1-base
2019-03-27 19:36:10,734 INFO o.a.j.e.StandardJMeterEngine: Starting 1 threads for group P1-base.
2019-03-27 19:36:10,734 INFO o.a.j.e.StandardJMeterEngine: Thread will continue on error
2019-03-27 19:36:10,735 INFO o.a.j.t.ThreadGroup: Starting thread group... number=1 threads=1 ramp-up=5 perThread=5000.0 delayedStart=false
2019-03-27 19:36:10,738 INFO o.a.j.t.ThreadGroup: Started thread group number 1
2019-03-27 19:36:10,738 INFO o.a.j.e.StandardJMeterEngine: All thread groups have been started
2019-03-27 19:36:10,747 INFO o.a.j.t.JMeterThread: Thread started: P1-base 1-1
2019-03-27 19:36:10,756 INFO o.a.j.s.FileServer: Stored: /home/luis/Desktop/UAM/SI2/SI2/P2/datagen/listado.csv
2019-03-27 19:36:10,777 INFO o.a.j.p.h.s.HTTPHCAbstractImpl: Local host = luis-HP-Pavilion-x360
2019-03-27 19:36:10,785 INFO o.a.j.p.h.s.HTTPHC4Impl: HTTP request retry count = 0
2019-03-27 19:36:10,888 INFO o.a.j.u.JsseSSLManager: Using default SSL protocol: TLS
2019-03-27 19:36:10,888 INFO o.a.j.u.JsseSSLManager: SSL session context: per-thread
2019-03-27 19:36:12,817 WARN o.a.j.u.JMeterUtils: ERROR! Resource string not found: [label]
2019-03-27 19:36:12,820 WARN o.a.j.u.JMeterUtils: ERROR! Resource string not found: [label]
2019-03-27 19:36:12,820 WARN o.a.j.u.JMeterUtils: ERROR! Resource string not found: [label]
2019-03-27 19:36:12,821 WARN o.a.j.u.JMeterUtils: ERROR! Resource string not found: [label]
2019-03-27 19:36:12,823 WARN o.a.j.u.JMeterUtils: ERROR! Resource string not found: [label]
2019-03-27 19:36:12,825 WARN o.a.j.u.JMeterUtils: ERROR! Resource string not found: [label]
2019-03-27 19:36:12,825 WARN o.a.j.u.JMeterUtils: ERROR! Resource string not found: [#_samples]
2019-03-27 19:36:12,825 WARN o.a.j.u.JMeterUtils: ERROR! Resource string not found: [median]
2019-03-27 19:36:12,826 WARN o.a.j.u.JMeterUtils: ERROR! Resource string not found: [90%_line]
2019-03-27 19:36:12,826 WARN o.a.j.u.JMeterUtils: ERROR! Resource string not found: [95%_line]
2019-03-27 19:36:12,826 WARN o.a.j.u.JMeterUtils: ERROR! Resource string not found: [99%_line]
2019-03-27 19:36:12,826 WARN o.a.j.u.JMeterUtils: ERROR! Resource string not found: [min]
2019-03-27 19:36:12,826 WARN o.a.j.u.JMeterUtils: ERROR! Resource string not found: [error_%]
2019-03-27 19:36:12,826 WARN o.a.j.u.JMeterUtils: ERROR! Resource string not found: [throughput]
2019-03-27 19:36:12,827 WARN o.a.j.u.JMeterUtils: ERROR! Resource string not found: [received_kb/sec]
2019-03-27 19:36:12,827 WARN o.a.j.u.JMeterUtils: ERROR! Resource string not found: [sent_kb/sec]
2019-03-27 19:36:12,854 WARN o.a.j.u.JMeterUtils: ERROR! Resource string not found: [label]
2019-03-27 19:36:12,854 WARN o.a.j.u.JMeterUtils: ERROR! Resource string not found: [label]
2019-03-27 19:36:12,915 WARN o.a.j.u.JMeterUtils: ERROR! Resource string not found: [label]
2019-03-27 19:36:12,915 WARN o.a.j.u.JMeterUtils: ERROR! Resource string not found: [#_samples]
2019-03-27 19:36:12,916 WARN o.a.j.u.JMeterUtils: ERROR! Resource string not found: [median]
2019-03-27 19:36:12,916 WARN o.a.j.u.JMeterUtils: ERROR! Resource string not found: [90%_line]
2019-03-27 19:36:12,916 WARN o.a.j.u.JMeterUtils: ERROR! Resource string not found: [95%_line]
2019-03-27 19:36:12,916 WARN o.a.j.u.JMeterUtils: ERROR! Resource string not found: [99%_line]
2019-03-27 19:36:12,916 WARN o.a.j.u.JMeterUtils: ERROR! Resource string not found: [min]
2019-03-27 19:36:12,916 WARN o.a.j.u.JMeterUtils: ERROR! Resource string not found: [error_%]
2019-03-27 19:36:12,916 WARN o.a.j.u.JMeterUtils: ERROR! Resource string not found: [throughput]
2019-03-27 19:36:12,916 WARN o.a.j.u.JMeterUtils: ERROR! Resource string not found: [received_kb/sec]
2019-03-27 19:36:12,916 WARN o.a.j.u.JMeterUtils: ERROR! Resource string not found: [sent_kb/sec]
2019-03-27 19:36:18,068 INFO o.a.j.t.JMeterThread: Thread is done: P1-base 1-1
2019-03-27 19:36:18,068 INFO o.a.j.t.JMeterThread: Thread finished: P1-base 1-1
2019-03-27 19:36:18,068 INFO o.a.j.e.StandardJMeterEngine: Notifying test listeners of end of test
2019-03-27 19:36:18,068 INFO o.a.j.s.FileServer: Close: /home/luis/Desktop/UAM/SI2/SI2/P2/datagen/listado.csv
2019-03-27 19:36:18,069 INFO o.a.j.g.u.JMeterMenuBar: setRunning(false, *local*)
2019-03-27 19:44:03,321 WARN o.a.j.u.JMeterUtils: ERROR! Resource string not found: [label]
2019-03-27 19:44:03,323 WARN o.a.j.u.JMeterUtils: ERROR! Resource string not found: [label]
2019-03-27 19:44:03,323 WARN o.a.j.u.JMeterUtils: ERROR! Resource string not found: [#_samples]
2019-03-27 19:44:03,324 WARN o.a.j.u.JMeterUtils: ERROR! Resource string not found: [median]
2019-03-27 19:44:03,324 WARN o.a.j.u.JMeterUtils: ERROR! Resource string not found: [90%_line]
2019-03-27 19:44:03,324 WARN o.a.j.u.JMeterUtils: ERROR! Resource string not found: [95%_line]
2019-03-27 19:44:03,324 WARN o.a.j.u.JMeterUtils: ERROR! Resource string not found: [99%_line]
2019-03-27 19:44:03,324 WARN o.a.j.u.JMeterUtils: ERROR! Resource string not found: [min]
2019-03-27 19:44:03,324 WARN o.a.j.u.JMeterUtils: ERROR! Resource string not found: [error_%]
2019-03-27 19:44:03,324 WARN o.a.j.u.JMeterUtils: ERROR! Resource string not found: [throughput]
2019-03-27 19:44:03,324 WARN o.a.j.u.JMeterUtils: ERROR! Resource string not found: [received_kb/sec]
2019-03-27 19:44:03,326 WARN o.a.j.u.JMeterUtils: ERROR! Resource string not found: [sent_kb/sec]
2019-03-27 19:44:03,342 WARN o.a.j.u.JMeterUtils: ERROR! Resource string not found: [label]
2019-03-27 19:44:03,342 WARN o.a.j.u.JMeterUtils: ERROR! Resource string not found: [label]
2019-03-27 19:44:03,343 WARN o.a.j.u.JMeterUtils: ERROR! Resource string not found: [label]
2019-03-27 19:44:03,343 WARN o.a.j.u.JMeterUtils: ERROR! Resource string not found: [label]
2019-03-27 19:44:06,634 WARN o.a.j.u.JMeterUtils: ERROR! Resource string not found: [label]
2019-03-27 19:44:06,638 WARN o.a.j.u.JMeterUtils: ERROR! Resource string not found: [label]
2019-03-27 19:44:06,639 WARN o.a.j.u.JMeterUtils: ERROR! Resource string not found: [#_samples]
2019-03-27 19:44:06,639 WARN o.a.j.u.JMeterUtils: ERROR! Resource string not found: [median]
2019-03-27 19:44:06,639 WARN o.a.j.u.JMeterUtils: ERROR! Resource string not found: [90%_line]
2019-03-27 19:44:06,639 WARN o.a.j.u.JMeterUtils: ERROR! Resource string not found: [95%_line]
2019-03-27 19:44:06,640 WARN o.a.j.u.JMeterUtils: ERROR! Resource string not found: [99%_line]
2019-03-27 19:44:06,640 WARN o.a.j.u.JMeterUtils: ERROR! Resource string not found: [min]
2019-03-27 19:44:06,640 WARN o.a.j.u.JMeterUtils: ERROR! Resource string not found: [error_%]
2019-03-27 19:44:06,640 WARN o.a.j.u.JMeterUtils: ERROR! Resource string not found: [throughput]
2019-03-27 19:44:06,640 WARN o.a.j.u.JMeterUtils: ERROR! Resource string not found: [received_kb/sec]
2019-03-27 19:44:06,640 WARN o.a.j.u.JMeterUtils: ERROR! Resource string not found: [sent_kb/sec]
2019-03-27 19:44:06,660 WARN o.a.j.u.JMeterUtils: ERROR! Resource string not found: [label]
2019-03-27 19:44:06,660 WARN o.a.j.u.JMeterUtils: ERROR! Resource string not found: [label]
2019-03-27 19:44:06,660 WARN o.a.j.u.JMeterUtils: ERROR! Resource string not found: [label]
2019-03-27 19:44:06,660 WARN o.a.j.u.JMeterUtils: ERROR! Resource string not found: [label]
2019-03-27 19:44:06,746 WARN o.a.j.u.JMeterUtils: ERROR! Resource string not found: [label]
2019-03-27 19:44:06,747 WARN o.a.j.u.JMeterUtils: ERROR! Resource string not found: [#_samples]
2019-03-27 19:44:06,748 WARN o.a.j.u.JMeterUtils: ERROR! Resource string not found: [median]
2019-03-27 19:44:06,750 WARN o.a.j.u.JMeterUtils: ERROR! Resource string not found: [90%_line]
2019-03-27 19:44:06,750 WARN o.a.j.u.JMeterUtils: ERROR! Resource string not found: [95%_line]
2019-03-27 19:44:06,750 WARN o.a.j.u.JMeterUtils: ERROR! Resource string not found: [99%_line]
2019-03-27 19:44:06,751 WARN o.a.j.u.JMeterUtils: ERROR! Resource string not found: [min]
2019-03-27 19:44:06,751 WARN o.a.j.u.JMeterUtils: ERROR! Resource string not found: [error_%]
2019-03-27 19:44:06,751 WARN o.a.j.u.JMeterUtils: ERROR! Resource string not found: [throughput]
2019-03-27 19:44:06,752 WARN o.a.j.u.JMeterUtils: ERROR! Resource string not found: [received_kb/sec]
2019-03-27 19:44:06,752 WARN o.a.j.u.JMeterUtils: ERROR! Resource string not found: [sent_kb/sec]
2019-03-27 19:44:06,795 WARN o.a.j.u.JMeterUtils: ERROR! Resource string not found: [label]
2019-03-27 19:44:06,797 WARN o.a.j.u.JMeterUtils: ERROR! Resource string not found: [label]
2019-03-27 19:44:06,800 WARN o.a.j.u.JMeterUtils: ERROR! Resource string not found: [#_samples]
2019-03-27 19:44:06,800 WARN o.a.j.u.JMeterUtils: ERROR! Resource string not found: [median]
2019-03-27 19:44:06,800 WARN o.a.j.u.JMeterUtils: ERROR! Resource string not found: [90%_line]
2019-03-27 19:44:06,801 WARN o.a.j.u.JMeterUtils: ERROR! Resource string not found: [95%_line]
2019-03-27 19:44:06,801 WARN o.a.j.u.JMeterUtils: ERROR! Resource string not found: [99%_line]
2019-03-27 19:44:06,801 WARN o.a.j.u.JMeterUtils: ERROR! Resource string not found: [min]
2019-03-27 19:44:06,801 WARN o.a.j.u.JMeterUtils: ERROR! Resource string not found: [error_%]
2019-03-27 19:44:06,801 WARN o.a.j.u.JMeterUtils: ERROR! Resource string not found: [throughput]
2019-03-27 19:44:06,801 WARN o.a.j.u.JMeterUtils: ERROR! Resource string not found: [received_kb/sec]
2019-03-27 19:44:06,801 WARN o.a.j.u.JMeterUtils: ERROR! Resource string not found: [sent_kb/sec]
2019-03-27 19:44:06,821 WARN o.a.j.u.JMeterUtils: ERROR! Resource string not found: [label]
2019-03-27 19:44:06,823 WARN o.a.j.u.JMeterUtils: ERROR! Resource string not found: [label]
2019-03-27 19:44:06,823 WARN o.a.j.u.JMeterUtils: ERROR! Resource string not found: [label]
2019-03-27 19:44:06,823 WARN o.a.j.u.JMeterUtils: ERROR! Resource string not found: [label]
2019-03-27 19:44:06,839 WARN o.a.j.u.JMeterUtils: ERROR! Resource string not found: [label]
2019-03-27 19:44:06,841 WARN o.a.j.u.JMeterUtils: ERROR! Resource string not found: [label]
2019-03-27 19:44:06,842 WARN o.a.j.u.JMeterUtils: ERROR! Resource string not found: [#_samples]
2019-03-27 19:44:06,842 WARN o.a.j.u.JMeterUtils: ERROR! Resource string not found: [median]
2019-03-27 19:44:06,842 WARN o.a.j.u.JMeterUtils: ERROR! Resource string not found: [90%_line]
2019-03-27 19:44:06,842 WARN o.a.j.u.JMeterUtils: ERROR! Resource string not found: [95%_line]
2019-03-27 19:44:06,842 WARN o.a.j.u.JMeterUtils: ERROR! Resource string not found: [99%_line]
2019-03-27 19:44:06,842 WARN o.a.j.u.JMeterUtils: ERROR! Resource string not found: [min]
2019-03-27 19:44:06,842 WARN o.a.j.u.JMeterUtils: ERROR! Resource string not found: [error_%]
2019-03-27 19:44:06,843 WARN o.a.j.u.JMeterUtils: ERROR! Resource string not found: [throughput]
2019-03-27 19:44:06,843 WARN o.a.j.u.JMeterUtils: ERROR! Resource string not found: [received_kb/sec]
2019-03-27 19:44:06,843 WARN o.a.j.u.JMeterUtils: ERROR! Resource string not found: [sent_kb/sec]
2019-03-27 19:44:06,867 WARN o.a.j.u.JMeterUtils: ERROR! Resource string not found: [label]
2019-03-27 19:44:06,867 WARN o.a.j.u.JMeterUtils: ERROR! Resource string not found: [label]
2019-03-27 19:44:06,867 WARN o.a.j.u.JMeterUtils: ERROR! Resource string not found: [label]
2019-03-27 19:44:06,867 WARN o.a.j.u.JMeterUtils: ERROR! Resource string not found: [label]
2019-03-27 19:44:06,885 WARN o.a.j.u.JMeterUtils: ERROR! Resource string not found: [label]
2019-03-27 19:44:06,887 WARN o.a.j.u.JMeterUtils: ERROR! Resource string not found: [label]
2019-03-27 19:44:06,887 WARN o.a.j.u.JMeterUtils: ERROR! Resource string not found: [#_samples]
2019-03-27 19:44:06,888 WARN o.a.j.u.JMeterUtils: ERROR! Resource string not found: [median]
2019-03-27 19:44:06,888 WARN o.a.j.u.JMeterUtils: ERROR! Resource string not found: [90%_line]
2019-03-27 19:44:06,888 WARN o.a.j.u.JMeterUtils: ERROR! Resource string not found: [95%_line]
2019-03-27 19:44:06,888 WARN o.a.j.u.JMeterUtils: ERROR! Resource string not found: [99%_line]
2019-03-27 19:44:06,888 WARN o.a.j.u.JMeterUtils: ERROR! Resource string not found: [min]
2019-03-27 19:44:06,888 WARN o.a.j.u.JMeterUtils: ERROR! Resource string not found: [error_%]
2019-03-27 19:44:06,889 WARN o.a.j.u.JMeterUtils: ERROR! Resource string not found: [throughput]
2019-03-27 19:44:06,889 WARN o.a.j.u.JMeterUtils: ERROR! Resource string not found: [received_kb/sec]
2019-03-27 19:44:06,889 WARN o.a.j.u.JMeterUtils: ERROR! Resource string not found: [sent_kb/sec]
2019-03-27 19:44:06,907 WARN o.a.j.u.JMeterUtils: ERROR! Resource string not found: [label]
2019-03-27 19:44:06,907 WARN o.a.j.u.JMeterUtils: ERROR! Resource string not found: [label]
2019-03-27 19:44:06,907 WARN o.a.j.u.JMeterUtils: ERROR! Resource string not found: [label]
2019-03-27 19:44:06,908 WARN o.a.j.u.JMeterUtils: ERROR! Resource string not found: [label]
2019-03-27 19:44:06,927 WARN o.a.j.u.JMeterUtils: ERROR! Resource string not found: [label]
2019-03-27 19:44:06,931 WARN o.a.j.u.JMeterUtils: ERROR! Resource string not found: [label]
2019-03-27 19:44:06,931 WARN o.a.j.u.JMeterUtils: ERROR! Resource string not found: [#_samples]
2019-03-27 19:44:06,931 WARN o.a.j.u.JMeterUtils: ERROR! Resource string not found: [median]
2019-03-27 19:44:06,931 WARN o.a.j.u.JMeterUtils: ERROR! Resource string not found: [90%_line]
2019-03-27 19:44:06,931 WARN o.a.j.u.JMeterUtils: ERROR! Resource string not found: [95%_line]
2019-03-27 19:44:06,931 WARN o.a.j.u.JMeterUtils: ERROR! Resource string not found: [99%_line]
2019-03-27 19:44:06,931 WARN o.a.j.u.JMeterUtils: ERROR! Resource string not found: [min]
2019-03-27 19:44:06,932 WARN o.a.j.u.JMeterUtils: ERROR! Resource string not found: [error_%]
2019-03-27 19:44:06,932 WARN o.a.j.u.JMeterUtils: ERROR! Resource string not found: [throughput]
2019-03-27 19:44:06,932 WARN o.a.j.u.JMeterUtils: ERROR! Resource string not found: [received_kb/sec]
2019-03-27 19:44:06,932 WARN o.a.j.u.JMeterUtils: ERROR! Resource string not found: [sent_kb/sec]
2019-03-27 19:44:06,946 WARN o.a.j.u.JMeterUtils: ERROR! Resource string not found: [label]
2019-03-27 19:44:07,088 WARN o.a.j.u.JMeterUtils: ERROR! Resource string not found: [label]
2019-03-27 19:44:07,090 WARN o.a.j.u.JMeterUtils: ERROR! Resource string not found: [label]
2019-03-27 19:44:07,091 WARN o.a.j.u.JMeterUtils: ERROR! Resource string not found: [#_samples]
2019-03-27 19:44:07,091 WARN o.a.j.u.JMeterUtils: ERROR! Resource string not found: [median]
2019-03-27 19:44:07,092 WARN o.a.j.u.JMeterUtils: ERROR! Resource string not found: [90%_line]
2019-03-27 19:44:07,092 WARN o.a.j.u.JMeterUtils: ERROR! Resource string not found: [95%_line]
2019-03-27 19:44:07,092 WARN o.a.j.u.JMeterUtils: ERROR! Resource string not found: [99%_line]
2019-03-27 19:44:07,092 WARN o.a.j.u.JMeterUtils: ERROR! Resource string not found: [min]
2019-03-27 19:44:07,092 WARN o.a.j.u.JMeterUtils: ERROR! Resource string not found: [error_%]
2019-03-27 19:44:07,092 WARN o.a.j.u.JMeterUtils: ERROR! Resource string not found: [throughput]
2019-03-27 19:44:07,092 WARN o.a.j.u.JMeterUtils: ERROR! Resource string not found: [received_kb/sec]
2019-03-27 19:44:07,092 WARN o.a.j.u.JMeterUtils: ERROR! Resource string not found: [sent_kb/sec]
2019-03-27 19:44:07,110 WARN o.a.j.u.JMeterUtils: ERROR! Resource string not found: [label]
2019-03-27 19:44:07,131 WARN o.a.j.u.JMeterUtils: ERROR! Resource string not found: [label]
2019-03-27 19:44:07,133 WARN o.a.j.u.JMeterUtils: ERROR! Resource string not found: [label]
2019-03-27 19:44:07,133 WARN o.a.j.u.JMeterUtils: ERROR! Resource string not found: [#_samples]
2019-03-27 19:44:07,134 WARN o.a.j.u.JMeterUtils: ERROR! Resource string not found: [median]
2019-03-27 19:44:07,134 WARN o.a.j.u.JMeterUtils: ERROR! Resource string not found: [90%_line]
2019-03-27 19:44:07,134 WARN o.a.j.u.JMeterUtils: ERROR! Resource string not found: [95%_line]
2019-03-27 19:44:07,134 WARN o.a.j.u.JMeterUtils: ERROR! Resource string not found: [99%_line]
2019-03-27 19:44:07,134 WARN o.a.j.u.JMeterUtils: ERROR! Resource string not found: [min]
2019-03-27 19:44:07,134 WARN o.a.j.u.JMeterUtils: ERROR! Resource string not found: [error_%]
2019-03-27 19:44:07,134 WARN o.a.j.u.JMeterUtils: ERROR! Resource string not found: [throughput]
2019-03-27 19:44:07,134 WARN o.a.j.u.JMeterUtils: ERROR! Resource string not found: [received_kb/sec]
2019-03-27 19:44:07,134 WARN o.a.j.u.JMeterUtils: ERROR! Resource string not found: [sent_kb/sec]
2019-03-27 19:44:07,149 WARN o.a.j.u.JMeterUtils: ERROR! Resource string not found: [label]
2019-03-27 19:44:07,168 WARN o.a.j.u.JMeterUtils: ERROR! Resource string not found: [label]
2019-03-27 19:44:07,169 WARN o.a.j.u.JMeterUtils: ERROR! Resource string not found: [label]
2019-03-27 19:44:07,169 WARN o.a.j.u.JMeterUtils: ERROR! Resource string not found: [#_samples]
2019-03-27 19:44:07,170 WARN o.a.j.u.JMeterUtils: ERROR! Resource string not found: [median]
2019-03-27 19:44:07,170 WARN o.a.j.u.JMeterUtils: ERROR! Resource string not found: [90%_line]
2019-03-27 19:44:07,170 WARN o.a.j.u.JMeterUtils: ERROR! Resource string not found: [95%_line]
2019-03-27 19:44:07,170 WARN o.a.j.u.JMeterUtils: ERROR! Resource string not found: [99%_line]
2019-03-27 19:44:07,170 WARN o.a.j.u.JMeterUtils: ERROR! Resource string not found: [min]
2019-03-27 19:44:07,170 WARN o.a.j.u.JMeterUtils: ERROR! Resource string not found: [error_%]
2019-03-27 19:44:07,170 WARN o.a.j.u.JMeterUtils: ERROR! Resource string not found: [throughput]
2019-03-27 19:44:07,170 WARN o.a.j.u.JMeterUtils: ERROR! Resource string not found: [received_kb/sec]
2019-03-27 19:44:07,170 WARN o.a.j.u.JMeterUtils: ERROR! Resource string not found: [sent_kb/sec]
2019-03-27 19:44:07,186 WARN o.a.j.u.JMeterUtils: ERROR! Resource string not found: [label]
2019-03-27 19:44:07,208 WARN o.a.j.u.JMeterUtils: ERROR! Resource string not found: [label]
2019-03-27 19:44:07,211 WARN o.a.j.u.JMeterUtils: ERROR! Resource string not found: [label]
2019-03-27 19:44:07,211 WARN o.a.j.u.JMeterUtils: ERROR! Resource string not found: [#_samples]
2019-03-27 19:44:07,212 WARN o.a.j.u.JMeterUtils: ERROR! Resource string not found: [median]
2019-03-27 19:44:07,212 WARN o.a.j.u.JMeterUtils: ERROR! Resource string not found: [90%_line]
2019-03-27 19:44:07,212 WARN o.a.j.u.JMeterUtils: ERROR! Resource string not found: [95%_line]
2019-03-27 19:44:07,212 WARN o.a.j.u.JMeterUtils: ERROR! Resource string not found: [99%_line]
2019-03-27 19:44:07,212 WARN o.a.j.u.JMeterUtils: ERROR! Resource string not found: [min]
2019-03-27 19:44:07,212 WARN o.a.j.u.JMeterUtils: ERROR! Resource string not found: [error_%]
2019-03-27 19:44:07,212 WARN o.a.j.u.JMeterUtils: ERROR! Resource string not found: [throughput]
2019-03-27 19:44:07,212 WARN o.a.j.u.JMeterUtils: ERROR! Resource string not found: [received_kb/sec]
2019-03-27 19:44:07,212 WARN o.a.j.u.JMeterUtils: ERROR! Resource string not found: [sent_kb/sec]
2019-03-27 19:44:07,228 WARN o.a.j.u.JMeterUtils: ERROR! Resource string not found: [label]
2019-03-27 19:44:07,254 WARN o.a.j.u.JMeterUtils: ERROR! Resource string not found: [label]
2019-03-27 19:44:07,258 WARN o.a.j.u.JMeterUtils: ERROR! Resource string not found: [label]
2019-03-27 19:44:07,259 WARN o.a.j.u.JMeterUtils: ERROR! Resource string not found: [#_samples]
2019-03-27 19:44:07,259 WARN o.a.j.u.JMeterUtils: ERROR! Resource string not found: [median]
2019-03-27 19:44:07,260 WARN o.a.j.u.JMeterUtils: ERROR! Resource string not found: [90%_line]
2019-03-27 19:44:07,260 WARN o.a.j.u.JMeterUtils: ERROR! Resource string not found: [95%_line]
2019-03-27 19:44:07,260 WARN o.a.j.u.JMeterUtils: ERROR! Resource string not found: [99%_line]
2019-03-27 19:44:07,261 WARN o.a.j.u.JMeterUtils: ERROR! Resource string not found: [min]
2019-03-27 19:44:07,261 WARN o.a.j.u.JMeterUtils: ERROR! Resource string not found: [error_%]
2019-03-27 19:44:07,262 WARN o.a.j.u.JMeterUtils: ERROR! Resource string not found: [throughput]
2019-03-27 19:44:07,262 WARN o.a.j.u.JMeterUtils: ERROR! Resource string not found: [received_kb/sec]
2019-03-27 19:44:07,262 WARN o.a.j.u.JMeterUtils: ERROR! Resource string not found: [sent_kb/sec]
2019-03-27 19:44:07,304 WARN o.a.j.u.JMeterUtils: ERROR! Resource string not found: [label]
2019-03-27 19:44:07,310 WARN o.a.j.u.JMeterUtils: ERROR! Resource string not found: [label]
2019-03-27 19:44:07,314 WARN o.a.j.u.JMeterUtils: ERROR! Resource string not found: [label]
2019-03-27 19:44:07,314 WARN o.a.j.u.JMeterUtils: ERROR! Resource string not found: [#_samples]
2019-03-27 19:44:07,315 WARN o.a.j.u.JMeterUtils: ERROR! Resource string not found: [median]
2019-03-27 19:44:07,315 WARN o.a.j.u.JMeterUtils: ERROR! Resource string not found: [90%_line]
2019-03-27 19:44:07,315 WARN o.a.j.u.JMeterUtils: ERROR! Resource string not found: [95%_line]
2019-03-27 19:44:07,315 WARN o.a.j.u.JMeterUtils: ERROR! Resource string not found: [99%_line]
2019-03-27 19:44:07,315 WARN o.a.j.u.JMeterUtils: ERROR! Resource string not found: [min]
2019-03-27 19:44:07,315 WARN o.a.j.u.JMeterUtils: ERROR! Resource string not found: [error_%]
2019-03-27 19:44:07,316 WARN o.a.j.u.JMeterUtils: ERROR! Resource string not found: [throughput]
2019-03-27 19:44:07,316 WARN o.a.j.u.JMeterUtils: ERROR! Resource string not found: [received_kb/sec]
2019-03-27 19:44:07,316 WARN o.a.j.u.JMeterUtils: ERROR! Resource string not found: [sent_kb/sec]
2019-03-27 19:44:07,348 WARN o.a.j.u.JMeterUtils: ERROR! Resource string not found: [label]
2019-03-27 19:44:07,366 WARN o.a.j.u.JMeterUtils: ERROR! Resource string not found: [label]
2019-03-27 19:44:07,368 WARN o.a.j.u.JMeterUtils: ERROR! Resource string not found: [label]
2019-03-27 19:44:07,368 WARN o.a.j.u.JMeterUtils: ERROR! Resource string not found: [#_samples]
2019-03-27 19:44:07,368 WARN o.a.j.u.JMeterUtils: ERROR! Resource string not found: [median]
2019-03-27 19:44:07,368 WARN o.a.j.u.JMeterUtils: ERROR! Resource string not found: [90%_line]
2019-03-27 19:44:07,369 WARN o.a.j.u.JMeterUtils: ERROR! Resource string not found: [95%_line]
2019-03-27 19:44:07,369 WARN o.a.j.u.JMeterUtils: ERROR! Resource string not found: [99%_line]
2019-03-27 19:44:07,369 WARN o.a.j.u.JMeterUtils: ERROR! Resource string not found: [min]
2019-03-27 19:44:07,369 WARN o.a.j.u.JMeterUtils: ERROR! Resource string not found: [error_%]
2019-03-27 19:44:07,369 WARN o.a.j.u.JMeterUtils: ERROR! Resource string not found: [throughput]
2019-03-27 19:44:07,369 WARN o.a.j.u.JMeterUtils: ERROR! Resource string not found: [received_kb/sec]
2019-03-27 19:44:07,369 WARN o.a.j.u.JMeterUtils: ERROR! Resource string not found: [sent_kb/sec]
2019-03-27 19:44:07,383 WARN o.a.j.u.JMeterUtils: ERROR! Resource string not found: [label]
2019-03-27 19:44:41,267 WARN o.a.j.u.JMeterUtils: ERROR! Resource string not found: [label]
2019-03-27 19:44:41,268 WARN o.a.j.u.JMeterUtils: ERROR! Resource string not found: [#_samples]
2019-03-27 19:45:18,956 WARN o.a.j.u.JMeterUtils: ERROR! Resource string not found: [label]
2019-03-27 19:45:18,957 WARN o.a.j.u.JMeterUtils: ERROR! Resource string not found: [#_samples]
2019-03-27 19:45:18,957 WARN o.a.j.u.JMeterUtils: ERROR! Resource string not found: [median]
2019-03-27 19:45:18,957 WARN o.a.j.u.JMeterUtils: ERROR! Resource string not found: [90%_line]
2019-03-27 19:45:18,957 WARN o.a.j.u.JMeterUtils: ERROR! Resource string not found: [95%_line]
2019-03-27 19:45:18,957 WARN o.a.j.u.JMeterUtils: ERROR! Resource string not found: [99%_line]
2019-03-27 19:45:18,957 WARN o.a.j.u.JMeterUtils: ERROR! Resource string not found: [min]
2019-03-27 19:45:18,957 WARN o.a.j.u.JMeterUtils: ERROR! Resource string not found: [error_%]
2019-03-27 19:45:18,957 WARN o.a.j.u.JMeterUtils: ERROR! Resource string not found: [throughput]
2019-03-27 19:45:18,957 WARN o.a.j.u.JMeterUtils: ERROR! Resource string not found: [received_kb/sec]
2019-03-27 19:45:18,957 WARN o.a.j.u.JMeterUtils: ERROR! Resource string not found: [sent_kb/sec]
2019-03-27 19:45:25,924 WARN o.a.j.u.JMeterUtils: ERROR! Resource string not found: [label]
2019-03-27 19:45:25,924 WARN o.a.j.u.JMeterUtils: ERROR! Resource string not found: [#_samples]
2019-03-27 19:45:25,924 WARN o.a.j.u.JMeterUtils: ERROR! Resource string not found: [median]
2019-03-27 19:45:25,924 WARN o.a.j.u.JMeterUtils: ERROR! Resource string not found: [90%_line]
2019-03-27 19:45:25,924 WARN o.a.j.u.JMeterUtils: ERROR! Resource string not found: [95%_line]
2019-03-27 19:45:25,925 WARN o.a.j.u.JMeterUtils: ERROR! Resource string not found: [99%_line]
2019-03-27 19:45:25,925 WARN o.a.j.u.JMeterUtils: ERROR! Resource string not found: [min]
2019-03-27 19:45:25,925 WARN o.a.j.u.JMeterUtils: ERROR! Resource string not found: [error_%]
2019-03-27 19:45:25,925 WARN o.a.j.u.JMeterUtils: ERROR! Resource string not found: [throughput]
2019-03-27 19:45:25,925 WARN o.a.j.u.JMeterUtils: ERROR! Resource string not found: [received_kb/sec]
2019-03-27 19:45:25,925 WARN o.a.j.u.JMeterUtils: ERROR! Resource string not found: [sent_kb/sec]
2019-03-27 19:45:35,660 INFO o.a.j.e.StandardJMeterEngine: Running the test!
2019-03-27 19:45:35,661 INFO o.a.j.s.SampleEvent: List of sample_variables: []
2019-03-27 19:45:35,663 INFO o.a.j.g.u.JMeterMenuBar: setRunning(true, *local*)
2019-03-27 19:45:35,878 INFO o.a.j.e.StandardJMeterEngine: Starting ThreadGroup: 1 : P1-base
2019-03-27 19:45:35,878 INFO o.a.j.e.StandardJMeterEngine: Starting 1 threads for group P1-base.
2019-03-27 19:45:35,878 INFO o.a.j.e.StandardJMeterEngine: Thread will continue on error
2019-03-27 19:45:35,878 INFO o.a.j.t.ThreadGroup: Starting thread group... number=1 threads=1 ramp-up=5 perThread=5000.0 delayedStart=false
2019-03-27 19:45:35,882 INFO o.a.j.t.ThreadGroup: Started thread group number 1
2019-03-27 19:45:35,882 INFO o.a.j.e.StandardJMeterEngine: All thread groups have been started
2019-03-27 19:45:35,882 INFO o.a.j.t.JMeterThread: Thread started: P1-base 1-1
2019-03-27 19:45:35,883 INFO o.a.j.s.FileServer: Stored: /home/luis/Desktop/UAM/SI2/SI2/P2/datagen/listado.csv
2019-03-27 19:45:42,163 INFO o.a.j.t.JMeterThread: Thread is done: P1-base 1-1
2019-03-27 19:45:42,163 INFO o.a.j.t.JMeterThread: Thread finished: P1-base 1-1
2019-03-27 19:45:42,164 INFO o.a.j.e.StandardJMeterEngine: Notifying test listeners of end of test
2019-03-27 19:45:42,164 INFO o.a.j.s.FileServer: Close: /home/luis/Desktop/UAM/SI2/SI2/P2/datagen/listado.csv
2019-03-27 19:45:42,164 INFO o.a.j.g.u.JMeterMenuBar: setRunning(false, *local*)
