2019-03-22 12:53:49,432 INFO o.a.j.u.JMeterUtils: Setting Locale to es_ES
2019-03-22 12:53:49,446 INFO o.a.j.u.JMeterUtils: Could not find resources for 'es_ES', using 'es'
2019-03-22 12:53:49,447 INFO o.a.j.JMeter: Loading user properties from: /home/lucicolpe/Escritorio/SI2/P2-alumnos/apache-jmeter-5.0/bin/user.properties
2019-03-22 12:53:49,447 INFO o.a.j.JMeter: Loading system properties from: /home/lucicolpe/Escritorio/SI2/P2-alumnos/apache-jmeter-5.0/bin/system.properties
2019-03-22 12:53:49,451 INFO o.a.j.JMeter: Copyright (c) 1998-2018 The Apache Software Foundation
2019-03-22 12:53:49,451 INFO o.a.j.JMeter: Version 5.0 r1840935
2019-03-22 12:53:49,451 INFO o.a.j.JMeter: java.version=1.8.0_201
2019-03-22 12:53:49,451 INFO o.a.j.JMeter: java.vm.name=Java HotSpot(TM) 64-Bit Server VM
2019-03-22 12:53:49,451 INFO o.a.j.JMeter: os.name=Linux
2019-03-22 12:53:49,451 INFO o.a.j.JMeter: os.arch=amd64
2019-03-22 12:53:49,451 INFO o.a.j.JMeter: os.version=4.18.0-15-generic
2019-03-22 12:53:49,451 INFO o.a.j.JMeter: file.encoding=UTF-8
2019-03-22 12:53:49,451 INFO o.a.j.JMeter: Max memory     =1808269312
2019-03-22 12:53:49,451 INFO o.a.j.JMeter: Available Processors =8
2019-03-22 12:53:49,456 INFO o.a.j.JMeter: Default Locale=espa単ol (Espa単a)
2019-03-22 12:53:49,456 INFO o.a.j.JMeter: JMeter  Locale=espa単ol (Espa単a)
2019-03-22 12:53:49,456 INFO o.a.j.JMeter: JMeterHome=/home/lucicolpe/Escritorio/SI2/P2-alumnos/apache-jmeter-5.0
2019-03-22 12:53:49,457 INFO o.a.j.JMeter: user.dir  =/home/lucicolpe/Escritorio/SI2/P2-alumnos
2019-03-22 12:53:49,457 INFO o.a.j.JMeter: PWD       =/home/lucicolpe/Escritorio/SI2/P2-alumnos
2019-03-22 12:53:49,457 INFO o.a.j.JMeter: IP: 127.0.1.1 Name: lucicolpe-Lenovo-YOGA-530-14IKB FullName: lucicolpe-Lenovo-YOGA-530-14IKB
2019-03-22 12:53:49,592 INFO o.a.j.g.a.LookAndFeelCommand: Installing Darcula LAF
2019-03-22 12:53:49,615 INFO o.a.j.g.a.LookAndFeelCommand: Using look and feel: com.bulenkov.darcula.DarculaLaf [Darcula]
2019-03-22 12:53:49,616 INFO o.a.j.JMeter: Setting LAF to: com.bulenkov.darcula.DarculaLaf
2019-03-22 12:53:49,664 INFO o.a.j.JMeter: Loaded icon properties from org/apache/jmeter/images/icon.properties
2019-03-22 12:53:50,034 INFO o.a.j.e.u.CompoundVariable: Note: Function class names must contain the string: '.functions.'
2019-03-22 12:53:50,034 INFO o.a.j.e.u.CompoundVariable: Note: Function class names must not contain the string: '.gui.'
2019-03-22 12:53:51,083 INFO o.a.j.p.h.s.HTTPSamplerBase: Parser for text/html is org.apache.jmeter.protocol.http.parser.LagartoBasedHtmlParser
2019-03-22 12:53:51,083 INFO o.a.j.p.h.s.HTTPSamplerBase: Parser for application/xhtml+xml is org.apache.jmeter.protocol.http.parser.LagartoBasedHtmlParser
2019-03-22 12:53:51,083 INFO o.a.j.p.h.s.HTTPSamplerBase: Parser for application/xml is org.apache.jmeter.protocol.http.parser.LagartoBasedHtmlParser
2019-03-22 12:53:51,083 INFO o.a.j.p.h.s.HTTPSamplerBase: Parser for text/xml is org.apache.jmeter.protocol.http.parser.LagartoBasedHtmlParser
2019-03-22 12:53:51,083 INFO o.a.j.p.h.s.HTTPSamplerBase: Parser for text/vnd.wap.wml is org.apache.jmeter.protocol.http.parser.RegexpHTMLParser
2019-03-22 12:53:51,083 INFO o.a.j.p.h.s.HTTPSamplerBase: Parser for text/css is org.apache.jmeter.protocol.http.parser.CssParser
2019-03-22 12:53:51,315 INFO o.a.j.e.KeyToolUtils: keytool found at 'keytool'
2019-03-22 12:53:51,316 INFO o.a.j.p.h.p.ProxyControl: HTTP(S) Test Script Recorder SSL Proxy will use keys that support embedded 3rd party resources in file /home/lucicolpe/Escritorio/SI2/P2-alumnos/apache-jmeter-5.0/bin/proxyserver.jks
2019-03-22 12:53:51,398 INFO o.a.j.s.FileServer: Default base='/home/lucicolpe/Escritorio/SI2/P2-alumnos'
2019-03-22 12:53:51,581 INFO o.a.j.s.SampleResult: Note: Sample TimeStamps are START times
2019-03-22 12:53:51,581 INFO o.a.j.s.SampleResult: sampleresult.default.encoding is set to ISO-8859-1
2019-03-22 12:53:51,581 INFO o.a.j.s.SampleResult: sampleresult.useNanoTime=true
2019-03-22 12:53:51,581 INFO o.a.j.s.SampleResult: sampleresult.nanoThreadSleep=5000
2019-03-22 12:54:00,204 INFO o.a.j.g.a.Load: Loading file: /home/lucicolpe/Escritorio/SI2/P2-alumnos/P2.jmx
2019-03-22 12:54:00,204 INFO o.a.j.s.FileServer: Set new base='/home/lucicolpe/Escritorio/SI2/P2-alumnos'
2019-03-22 12:54:00,298 INFO o.a.j.s.SaveService: Testplan (JMX) version: 2.2. Testlog (JTL) version: 2.2
2019-03-22 12:54:00,311 INFO o.a.j.s.SaveService: Using SaveService properties file encoding UTF-8
2019-03-22 12:54:00,312 INFO o.a.j.s.SaveService: Using SaveService properties version 5.0
2019-03-22 12:54:00,315 INFO o.a.j.s.SaveService: Loading file: /home/lucicolpe/Escritorio/SI2/P2-alumnos/P2.jmx
2019-03-22 12:54:00,442 INFO o.a.j.s.FileServer: Set new base='/home/lucicolpe/Escritorio/SI2/P2-alumnos'
